<?xml version="1.0" encoding="UTF-8"?>
<!-- Generated by org.testng.reporters.JUnitReportReporter -->
<testsuite hostname="Pankajs-MacBook-Air.local" failures="0" tests="1" name="cucumberOptions.TestNGTestRunner" time="6.297" errors="0" timestamp="2025-03-02T14:02:44 IST" skipped="0">
  <testcase classname="cucumberOptions.TestNGTestRunner" name="runScenario" time="6.297"/>
  <system-out/>
</testsuite> <!-- cucumberOptions.TestNGTestRunner -->
