<?xml version="1.0" encoding="UTF-8"?>
<!-- Generated by org.testng.reporters.JUnitReportReporter -->
<testsuite hostname="Pankajs-MacBook-Air.local" failures="0" tests="1" name="cucumberOptions.TestNGTestRunner" time="4.692" errors="0" timestamp="2025-03-02T12:31:20 IST" skipped="0">
  <testcase classname="cucumberOptions.TestNGTestRunner" name="runScenario" time="4.692"/>
  <system-out/>
</testsuite> <!-- cucumberOptions.TestNGTestRunner -->
